Copyright 1986-2016 Xilinx, Inc. All Rights Reserved.
--------------------------------------------------------------------------------------
| Tool Version : Vivado v.2016.4 (lin64) Build 1733598 Wed Dec 14 22:35:42 MST 2016
| Date         : Sun Feb 26 11:55:54 2017
| Host         : siqingxu-VirtualBox running 64-bit Ubuntu 16.04.1 LTS
| Command      : report_control_sets -verbose -file stopwatch_control_sets_placed.rpt
| Design       : stopwatch
| Device       : xc7a100t
--------------------------------------------------------------------------------------

Control Set Information

Table of Contents
-----------------
1. Summary
2. Flip-Flop Distribution
3. Detailed Control Set Information

1. Summary
----------

+----------------------------------------------------------+-------+
|                          Status                          | Count |
+----------------------------------------------------------+-------+
| Number of unique control sets                            |     8 |
| Unused register locations in slices containing registers |    41 |
+----------------------------------------------------------+-------+


2. Flip-Flop Distribution
-------------------------

+--------------+-----------------------+------------------------+-----------------+--------------+
| Clock Enable | Synchronous Set/Reset | Asynchronous Set/Reset | Total Registers | Total Slices |
+--------------+-----------------------+------------------------+-----------------+--------------+
| No           | No                    | No                     |              22 |            6 |
| No           | No                    | Yes                    |               0 |            0 |
| No           | Yes                   | No                     |              60 |           15 |
| Yes          | No                    | No                     |              53 |           16 |
| Yes          | No                    | Yes                    |               0 |            0 |
| Yes          | Yes                   | No                     |               0 |            0 |
+--------------+-----------------------+------------------------+-----------------+--------------+


3. Detailed Control Set Information
-----------------------------------

+------------------+------------------+------------------------+------------------+----------------+
|   Clock Signal   |   Enable Signal  |    Set/Reset Signal    | Slice Load Count | Bel Load Count |
+------------------+------------------+------------------------+------------------+----------------+
|  clock_IBUF_BUFG | d2/count_reg[19] |                        |                1 |              1 |
|  clock_IBUF_BUFG | d1/p_0_in        |                        |                1 |              1 |
|  clock_IBUF_BUFG | d3/count_reg[19] |                        |                1 |              1 |
|  clock_IBUF_BUFG |                  | d3/count[0]_i_1__2_n_0 |                5 |             20 |
|  clock_IBUF_BUFG |                  | d2/count[0]_i_1__0_n_0 |                5 |             20 |
|  clock_IBUF_BUFG |                  | d1/count[0]_i_1__1_n_0 |                5 |             20 |
|  clock_IBUF_BUFG |                  |                        |                6 |             22 |
|  clock_IBUF_BUFG | myfsm/sel        |                        |               13 |             50 |
+------------------+------------------+------------------------+------------------+----------------+


+--------+-----------------------+
| Fanout | Number of ControlSets |
+--------+-----------------------+
| 1      |                     3 |
| 16+    |                     5 |
+--------+-----------------------+


