Copyright 1986-2016 Xilinx, Inc. All Rights Reserved.
-------------------------------------------------------------------------------------------------------------------------------------------------------------------------
| Tool Version : Vivado v.2016.4 (lin64) Build 1733598 Wed Dec 14 22:35:42 MST 2016
| Date         : Sun Feb 12 22:49:49 2017
| Host         : siqingxu-VirtualBox running 64-bit Ubuntu 16.04.1 LTS
| Command      : report_timing_summary -warn_on_violation -max_paths 10 -file vgadisplaydriver_timing_summary_routed.rpt -rpx vgadisplaydriver_timing_summary_routed.rpx
| Design       : vgadisplaydriver
| Device       : 7a100t-csg324
| Speed File   : -1  PRODUCTION 1.16 2016-11-09
-------------------------------------------------------------------------------------------------------------------------------------------------------------------------

Timing Summary Report

------------------------------------------------------------------------------------------------
| Timer Settings
| --------------
------------------------------------------------------------------------------------------------

  Enable Multi Corner Analysis               :  Yes
  Enable Pessimism Removal                   :  Yes
  Pessimism Removal Resolution               :  Nearest Common Node
  Enable Input Delay Default Clock           :  No
  Enable Preset / Clear Arcs                 :  No
  Disable Flight Delays                      :  No
  Ignore I/O Paths                           :  No
  Timing Early Launch at Borrowing Latches   :  false

  Corner  Analyze    Analyze    
  Name    Max Paths  Min Paths  
  ------  ---------  ---------  
  Slow    Yes        Yes        
  Fast    Yes        Yes        



check_timing report

Table of Contents
-----------------
1. checking no_clock
2. checking constant_clock
3. checking pulse_width_clock
4. checking unconstrained_internal_endpoints
5. checking no_input_delay
6. checking no_output_delay
7. checking multiple_clock
8. checking generated_clocks
9. checking loops
10. checking partial_input_delay
11. checking partial_output_delay
12. checking latch_loops

1. checking no_clock
--------------------
 There are 0 register/latch pins with no clock.


2. checking constant_clock
--------------------------
 There are 0 register/latch pins with constant_clock.


3. checking pulse_width_clock
-----------------------------
 There are 0 register/latch pins which need pulse_width check


4. checking unconstrained_internal_endpoints
--------------------------------------------
 There are 0 pins that are not constrained for maximum delay.

 There are 0 pins that are not constrained for maximum delay due to constant clock.


5. checking no_input_delay
--------------------------
 There are 0 input ports with no input delay specified.

 There are 0 input ports with no input delay but user has a false path constraint.


6. checking no_output_delay
---------------------------
 There are 14 ports with no output delay specified. (HIGH)

 There are 0 ports with no output delay but user has a false path constraint

 There are 0 ports with no output delay but with a timing clock defined on it or propagating through it


7. checking multiple_clock
--------------------------
 There are 0 register/latch pins with multiple clocks.


8. checking generated_clocks
----------------------------
 There are 0 generated clocks that are not connected to a clock source.


9. checking loops
-----------------
 There are 0 combinational loops in the design.


10. checking partial_input_delay
--------------------------------
 There are 0 input ports with partial input delay specified.


11. checking partial_output_delay
---------------------------------
 There are 0 ports with partial output delay specified.


12. checking latch_loops
------------------------
 There are 0 combinational latch loops in the design through latch input



------------------------------------------------------------------------------------------------
| Design Timing Summary
| ---------------------
------------------------------------------------------------------------------------------------

    WNS(ns)      TNS(ns)  TNS Failing Endpoints  TNS Total Endpoints      WHS(ns)      THS(ns)  THS Failing Endpoints  THS Total Endpoints     WPWS(ns)     TPWS(ns)  TPWS Failing Endpoints  TPWS Total Endpoints  
    -------      -------  ---------------------  -------------------      -------      -------  ---------------------  -------------------     --------     --------  ----------------------  --------------------  
      5.927        0.000                      0                   58        0.191        0.000                      0                   58        4.500        0.000                       0                    23  


All user specified timing constraints are met.


------------------------------------------------------------------------------------------------
| Clock Summary
| -------------
------------------------------------------------------------------------------------------------

Clock        Waveform(ns)       Period(ns)      Frequency(MHz)
-----        ------------       ----------      --------------
sys_clk_pin  {0.000 5.000}      10.000          100.000         


------------------------------------------------------------------------------------------------
| Intra Clock Table
| -----------------
------------------------------------------------------------------------------------------------

Clock             WNS(ns)      TNS(ns)  TNS Failing Endpoints  TNS Total Endpoints      WHS(ns)      THS(ns)  THS Failing Endpoints  THS Total Endpoints     WPWS(ns)     TPWS(ns)  TPWS Failing Endpoints  TPWS Total Endpoints  
-----             -------      -------  ---------------------  -------------------      -------      -------  ---------------------  -------------------     --------     --------  ----------------------  --------------------  
sys_clk_pin         5.927        0.000                      0                   58        0.191        0.000                      0                   58        4.500        0.000                       0                    23  


------------------------------------------------------------------------------------------------
| Inter Clock Table
| -----------------
------------------------------------------------------------------------------------------------

From Clock    To Clock          WNS(ns)      TNS(ns)  TNS Failing Endpoints  TNS Total Endpoints      WHS(ns)      THS(ns)  THS Failing Endpoints  THS Total Endpoints  
----------    --------          -------      -------  ---------------------  -------------------      -------      -------  ---------------------  -------------------  


------------------------------------------------------------------------------------------------
| Other Path Groups Table
| -----------------------
------------------------------------------------------------------------------------------------

Path Group    From Clock    To Clock          WNS(ns)      TNS(ns)  TNS Failing Endpoints  TNS Total Endpoints      WHS(ns)      THS(ns)  THS Failing Endpoints  THS Total Endpoints  
----------    ----------    --------          -------      -------  ---------------------  -------------------      -------      -------  ---------------------  -------------------  


------------------------------------------------------------------------------------------------
| Timing Details
| --------------
------------------------------------------------------------------------------------------------


---------------------------------------------------------------------------------------------------
From Clock:  sys_clk_pin
  To Clock:  sys_clk_pin

Setup :            0  Failing Endpoints,  Worst Slack        5.927ns,  Total Violation        0.000ns
Hold  :            0  Failing Endpoints,  Worst Slack        0.191ns,  Total Violation        0.000ns
PW    :            0  Failing Endpoints,  Worst Slack        4.500ns,  Total Violation        0.000ns
---------------------------------------------------------------------------------------------------


Max Delay Paths
--------------------------------------------------------------------------------------
Slack (MET) :             5.927ns  (required time - arrival time)
  Source:                 myvgatimer/xy/y_reg[1]/C
                            (rising edge-triggered cell FDRE clocked by sys_clk_pin  {rise@0.000ns fall@5.000ns period=10.000ns})
  Destination:            myvgatimer/xy/y_reg[5]/R
                            (rising edge-triggered cell FDRE clocked by sys_clk_pin  {rise@0.000ns fall@5.000ns period=10.000ns})
  Path Group:             sys_clk_pin
  Path Type:              Setup (Max at Slow Process Corner)
  Requirement:            10.000ns  (sys_clk_pin rise@10.000ns - sys_clk_pin rise@0.000ns)
  Data Path Delay:        3.490ns  (logic 0.704ns (20.175%)  route 2.786ns (79.825%))
  Logic Levels:           2  (LUT5=1 LUT6=1)
  Clock Path Skew:        -0.024ns (DCD - SCD + CPR)
    Destination Clock Delay (DCD):    5.018ns = ( 15.018 - 10.000 ) 
    Source Clock Delay      (SCD):    5.317ns
    Clock Pessimism Removal (CPR):    0.275ns
  Clock Uncertainty:      0.035ns  ((TSJ^2 + TIJ^2)^1/2 + DJ) / 2 + PE
    Total System Jitter     (TSJ):    0.071ns
    Total Input Jitter      (TIJ):    0.000ns
    Discrete Jitter          (DJ):    0.000ns
    Phase Error              (PE):    0.000ns

    Location             Delay type                Incr(ns)  Path(ns)    Netlist Resource(s)
  -------------------------------------------------------------------    -------------------
                         (clock sys_clk_pin rise edge)
                                                      0.000     0.000 r  
    E3                                                0.000     0.000 r  clock (IN)
                         net (fo=0)                   0.000     0.000    clock
    E3                   IBUF (Prop_ibuf_I_O)         1.482     1.482 r  clock_IBUF_inst/O
                         net (fo=1, routed)           2.025     3.506    clock_IBUF
    BUFGCTRL_X0Y16       BUFG (Prop_bufg_I_O)         0.096     3.602 r  clock_IBUF_BUFG_inst/O
                         net (fo=22, routed)          1.715     5.317    myvgatimer/xy/clock_IBUF_BUFG
    SLICE_X87Y142        FDRE                                         r  myvgatimer/xy/y_reg[1]/C
  -------------------------------------------------------------------    -------------------
    SLICE_X87Y142        FDRE (Prop_fdre_C_Q)         0.456     5.773 f  myvgatimer/xy/y_reg[1]/Q
                         net (fo=8, routed)           1.461     7.234    myvgatimer/xy/y[1]
    SLICE_X88Y142        LUT5 (Prop_lut5_I0_O)        0.124     7.358 f  myvgatimer/xy/y[9]_i_4/O
                         net (fo=2, routed)           0.644     8.002    myvgatimer/xy/y[9]_i_4_n_0
    SLICE_X86Y142        LUT6 (Prop_lut6_I4_O)        0.124     8.126 r  myvgatimer/xy/y[9]_i_1/O
                         net (fo=9, routed)           0.681     8.807    myvgatimer/xy/y[9]_i_1_n_0
    SLICE_X88Y143        FDRE                                         r  myvgatimer/xy/y_reg[5]/R
  -------------------------------------------------------------------    -------------------

                         (clock sys_clk_pin rise edge)
                                                     10.000    10.000 r  
    E3                                                0.000    10.000 r  clock (IN)
                         net (fo=0)                   0.000    10.000    clock
    E3                   IBUF (Prop_ibuf_I_O)         1.411    11.411 r  clock_IBUF_inst/O
                         net (fo=1, routed)           1.920    13.331    clock_IBUF
    BUFGCTRL_X0Y16       BUFG (Prop_bufg_I_O)         0.091    13.422 r  clock_IBUF_BUFG_inst/O
                         net (fo=22, routed)          1.596    15.018    myvgatimer/xy/clock_IBUF_BUFG
    SLICE_X88Y143        FDRE                                         r  myvgatimer/xy/y_reg[5]/C
                         clock pessimism              0.275    15.293    
                         clock uncertainty           -0.035    15.258    
    SLICE_X88Y143        FDRE (Setup_fdre_C_R)       -0.524    14.734    myvgatimer/xy/y_reg[5]
  -------------------------------------------------------------------
                         required time                         14.734    
                         arrival time                          -8.807    
  -------------------------------------------------------------------
                         slack                                  5.927    

Slack (MET) :             5.927ns  (required time - arrival time)
  Source:                 myvgatimer/xy/y_reg[1]/C
                            (rising edge-triggered cell FDRE clocked by sys_clk_pin  {rise@0.000ns fall@5.000ns period=10.000ns})
  Destination:            myvgatimer/xy/y_reg[6]/R
                            (rising edge-triggered cell FDRE clocked by sys_clk_pin  {rise@0.000ns fall@5.000ns period=10.000ns})
  Path Group:             sys_clk_pin
  Path Type:              Setup (Max at Slow Process Corner)
  Requirement:            10.000ns  (sys_clk_pin rise@10.000ns - sys_clk_pin rise@0.000ns)
  Data Path Delay:        3.490ns  (logic 0.704ns (20.175%)  route 2.786ns (79.825%))
  Logic Levels:           2  (LUT5=1 LUT6=1)
  Clock Path Skew:        -0.024ns (DCD - SCD + CPR)
    Destination Clock Delay (DCD):    5.018ns = ( 15.018 - 10.000 ) 
    Source Clock Delay      (SCD):    5.317ns
    Clock Pessimism Removal (CPR):    0.275ns
  Clock Uncertainty:      0.035ns  ((TSJ^2 + TIJ^2)^1/2 + DJ) / 2 + PE
    Total System Jitter     (TSJ):    0.071ns
    Total Input Jitter      (TIJ):    0.000ns
    Discrete Jitter          (DJ):    0.000ns
    Phase Error              (PE):    0.000ns

    Location             Delay type                Incr(ns)  Path(ns)    Netlist Resource(s)
  -------------------------------------------------------------------    -------------------
                         (clock sys_clk_pin rise edge)
                                                      0.000     0.000 r  
    E3                                                0.000     0.000 r  clock (IN)
                         net (fo=0)                   0.000     0.000    clock
    E3                   IBUF (Prop_ibuf_I_O)         1.482     1.482 r  clock_IBUF_inst/O
                         net (fo=1, routed)           2.025     3.506    clock_IBUF
    BUFGCTRL_X0Y16       BUFG (Prop_bufg_I_O)         0.096     3.602 r  clock_IBUF_BUFG_inst/O
                         net (fo=22, routed)          1.715     5.317    myvgatimer/xy/clock_IBUF_BUFG
    SLICE_X87Y142        FDRE                                         r  myvgatimer/xy/y_reg[1]/C
  -------------------------------------------------------------------    -------------------
    SLICE_X87Y142        FDRE (Prop_fdre_C_Q)         0.456     5.773 f  myvgatimer/xy/y_reg[1]/Q
                         net (fo=8, routed)           1.461     7.234    myvgatimer/xy/y[1]
    SLICE_X88Y142        LUT5 (Prop_lut5_I0_O)        0.124     7.358 f  myvgatimer/xy/y[9]_i_4/O
                         net (fo=2, routed)           0.644     8.002    myvgatimer/xy/y[9]_i_4_n_0
    SLICE_X86Y142        LUT6 (Prop_lut6_I4_O)        0.124     8.126 r  myvgatimer/xy/y[9]_i_1/O
                         net (fo=9, routed)           0.681     8.807    myvgatimer/xy/y[9]_i_1_n_0
    SLICE_X88Y143        FDRE                                         r  myvgatimer/xy/y_reg[6]/R
  -------------------------------------------------------------------    -------------------

                         (clock sys_clk_pin rise edge)
                                                     10.000    10.000 r  
    E3                                                0.000    10.000 r  clock (IN)
                         net (fo=0)                   0.000    10.000    clock
    E3                   IBUF (Prop_ibuf_I_O)         1.411    11.411 r  clock_IBUF_inst/O
                         net (fo=1, routed)           1.920    13.331    clock_IBUF
    BUFGCTRL_X0Y16       BUFG (Prop_bufg_I_O)         0.091    13.422 r  clock_IBUF_BUFG_inst/O
                         net (fo=22, routed)          1.596    15.018    myvgatimer/xy/clock_IBUF_BUFG
    SLICE_X88Y143        FDRE                                         r  myvgatimer/xy/y_reg[6]/C
                         clock pessimism              0.275    15.293    
                         clock uncertainty           -0.035    15.258    
    SLICE_X88Y143        FDRE (Setup_fdre_C_R)       -0.524    14.734    myvgatimer/xy/y_reg[6]
  -------------------------------------------------------------------
                         required time                         14.734    
                         arrival time                          -8.807    
  -------------------------------------------------------------------
                         slack                                  5.927    

Slack (MET) :             5.927ns  (required time - arrival time)
  Source:                 myvgatimer/xy/y_reg[1]/C
                            (rising edge-triggered cell FDRE clocked by sys_clk_pin  {rise@0.000ns fall@5.000ns period=10.000ns})
  Destination:            myvgatimer/xy/y_reg[7]/R
                            (rising edge-triggered cell FDRE clocked by sys_clk_pin  {rise@0.000ns fall@5.000ns period=10.000ns})
  Path Group:             sys_clk_pin
  Path Type:              Setup (Max at Slow Process Corner)
  Requirement:            10.000ns  (sys_clk_pin rise@10.000ns - sys_clk_pin rise@0.000ns)
  Data Path Delay:        3.490ns  (logic 0.704ns (20.175%)  route 2.786ns (79.825%))
  Logic Levels:           2  (LUT5=1 LUT6=1)
  Clock Path Skew:        -0.024ns (DCD - SCD + CPR)
    Destination Clock Delay (DCD):    5.018ns = ( 15.018 - 10.000 ) 
    Source Clock Delay      (SCD):    5.317ns
    Clock Pessimism Removal (CPR):    0.275ns
  Clock Uncertainty:      0.035ns  ((TSJ^2 + TIJ^2)^1/2 + DJ) / 2 + PE
    Total System Jitter     (TSJ):    0.071ns
    Total Input Jitter      (TIJ):    0.000ns
    Discrete Jitter          (DJ):    0.000ns
    Phase Error              (PE):    0.000ns

    Location             Delay type                Incr(ns)  Path(ns)    Netlist Resource(s)
  -------------------------------------------------------------------    -------------------
                         (clock sys_clk_pin rise edge)
                                                      0.000     0.000 r  
    E3                                                0.000     0.000 r  clock (IN)
                         net (fo=0)                   0.000     0.000    clock
    E3                   IBUF (Prop_ibuf_I_O)         1.482     1.482 r  clock_IBUF_inst/O
                         net (fo=1, routed)           2.025     3.506    clock_IBUF
    BUFGCTRL_X0Y16       BUFG (Prop_bufg_I_O)         0.096     3.602 r  clock_IBUF_BUFG_inst/O
                         net (fo=22, routed)          1.715     5.317    myvgatimer/xy/clock_IBUF_BUFG
    SLICE_X87Y142        FDRE                                         r  myvgatimer/xy/y_reg[1]/C
  -------------------------------------------------------------------    -------------------
    SLICE_X87Y142        FDRE (Prop_fdre_C_Q)         0.456     5.773 f  myvgatimer/xy/y_reg[1]/Q
                         net (fo=8, routed)           1.461     7.234    myvgatimer/xy/y[1]
    SLICE_X88Y142        LUT5 (Prop_lut5_I0_O)        0.124     7.358 f  myvgatimer/xy/y[9]_i_4/O
                         net (fo=2, routed)           0.644     8.002    myvgatimer/xy/y[9]_i_4_n_0
    SLICE_X86Y142        LUT6 (Prop_lut6_I4_O)        0.124     8.126 r  myvgatimer/xy/y[9]_i_1/O
                         net (fo=9, routed)           0.681     8.807    myvgatimer/xy/y[9]_i_1_n_0
    SLICE_X88Y143        FDRE                                         r  myvgatimer/xy/y_reg[7]/R
  -------------------------------------------------------------------    -------------------

                         (clock sys_clk_pin rise edge)
                                                     10.000    10.000 r  
    E3                                                0.000    10.000 r  clock (IN)
                         net (fo=0)                   0.000    10.000    clock
    E3                   IBUF (Prop_ibuf_I_O)         1.411    11.411 r  clock_IBUF_inst/O
                         net (fo=1, routed)           1.920    13.331    clock_IBUF
    BUFGCTRL_X0Y16       BUFG (Prop_bufg_I_O)         0.091    13.422 r  clock_IBUF_BUFG_inst/O
                         net (fo=22, routed)          1.596    15.018    myvgatimer/xy/clock_IBUF_BUFG
    SLICE_X88Y143        FDRE                                         r  myvgatimer/xy/y_reg[7]/C
                         clock pessimism              0.275    15.293    
                         clock uncertainty           -0.035    15.258    
    SLICE_X88Y143        FDRE (Setup_fdre_C_R)       -0.524    14.734    myvgatimer/xy/y_reg[7]
  -------------------------------------------------------------------
                         required time                         14.734    
                         arrival time                          -8.807    
  -------------------------------------------------------------------
                         slack                                  5.927    

Slack (MET) :             5.927ns  (required time - arrival time)
  Source:                 myvgatimer/xy/y_reg[1]/C
                            (rising edge-triggered cell FDRE clocked by sys_clk_pin  {rise@0.000ns fall@5.000ns period=10.000ns})
  Destination:            myvgatimer/xy/y_reg[8]/R
                            (rising edge-triggered cell FDRE clocked by sys_clk_pin  {rise@0.000ns fall@5.000ns period=10.000ns})
  Path Group:             sys_clk_pin
  Path Type:              Setup (Max at Slow Process Corner)
  Requirement:            10.000ns  (sys_clk_pin rise@10.000ns - sys_clk_pin rise@0.000ns)
  Data Path Delay:        3.490ns  (logic 0.704ns (20.175%)  route 2.786ns (79.825%))
  Logic Levels:           2  (LUT5=1 LUT6=1)
  Clock Path Skew:        -0.024ns (DCD - SCD + CPR)
    Destination Clock Delay (DCD):    5.018ns = ( 15.018 - 10.000 ) 
    Source Clock Delay      (SCD):    5.317ns
    Clock Pessimism Removal (CPR):    0.275ns
  Clock Uncertainty:      0.035ns  ((TSJ^2 + TIJ^2)^1/2 + DJ) / 2 + PE
    Total System Jitter     (TSJ):    0.071ns
    Total Input Jitter      (TIJ):    0.000ns
    Discrete Jitter          (DJ):    0.000ns
    Phase Error              (PE):    0.000ns

    Location             Delay type                Incr(ns)  Path(ns)    Netlist Resource(s)
  -------------------------------------------------------------------    -------------------
                         (clock sys_clk_pin rise edge)
                                                      0.000     0.000 r  
    E3                                                0.000     0.000 r  clock (IN)
                         net (fo=0)                   0.000     0.000    clock
    E3                   IBUF (Prop_ibuf_I_O)         1.482     1.482 r  clock_IBUF_inst/O
                         net (fo=1, routed)           2.025     3.506    clock_IBUF
    BUFGCTRL_X0Y16       BUFG (Prop_bufg_I_O)         0.096     3.602 r  clock_IBUF_BUFG_inst/O
                         net (fo=22, routed)          1.715     5.317    myvgatimer/xy/clock_IBUF_BUFG
    SLICE_X87Y142        FDRE                                         r  myvgatimer/xy/y_reg[1]/C
  -------------------------------------------------------------------    -------------------
    SLICE_X87Y142        FDRE (Prop_fdre_C_Q)         0.456     5.773 f  myvgatimer/xy/y_reg[1]/Q
                         net (fo=8, routed)           1.461     7.234    myvgatimer/xy/y[1]
    SLICE_X88Y142        LUT5 (Prop_lut5_I0_O)        0.124     7.358 f  myvgatimer/xy/y[9]_i_4/O
                         net (fo=2, routed)           0.644     8.002    myvgatimer/xy/y[9]_i_4_n_0
    SLICE_X86Y142        LUT6 (Prop_lut6_I4_O)        0.124     8.126 r  myvgatimer/xy/y[9]_i_1/O
                         net (fo=9, routed)           0.681     8.807    myvgatimer/xy/y[9]_i_1_n_0
    SLICE_X88Y143        FDRE                                         r  myvgatimer/xy/y_reg[8]/R
  -------------------------------------------------------------------    -------------------

                         (clock sys_clk_pin rise edge)
                                                     10.000    10.000 r  
    E3                                                0.000    10.000 r  clock (IN)
                         net (fo=0)                   0.000    10.000    clock
    E3                   IBUF (Prop_ibuf_I_O)         1.411    11.411 r  clock_IBUF_inst/O
                         net (fo=1, routed)           1.920    13.331    clock_IBUF
    BUFGCTRL_X0Y16       BUFG (Prop_bufg_I_O)         0.091    13.422 r  clock_IBUF_BUFG_inst/O
                         net (fo=22, routed)          1.596    15.018    myvgatimer/xy/clock_IBUF_BUFG
    SLICE_X88Y143        FDRE                                         r  myvgatimer/xy/y_reg[8]/C
                         clock pessimism              0.275    15.293    
                         clock uncertainty           -0.035    15.258    
    SLICE_X88Y143        FDRE (Setup_fdre_C_R)       -0.524    14.734    myvgatimer/xy/y_reg[8]
  -------------------------------------------------------------------
                         required time                         14.734    
                         arrival time                          -8.807    
  -------------------------------------------------------------------
                         slack                                  5.927    

Slack (MET) :             5.927ns  (required time - arrival time)
  Source:                 myvgatimer/xy/y_reg[1]/C
                            (rising edge-triggered cell FDRE clocked by sys_clk_pin  {rise@0.000ns fall@5.000ns period=10.000ns})
  Destination:            myvgatimer/xy/y_reg[9]/R
                            (rising edge-triggered cell FDRE clocked by sys_clk_pin  {rise@0.000ns fall@5.000ns period=10.000ns})
  Path Group:             sys_clk_pin
  Path Type:              Setup (Max at Slow Process Corner)
  Requirement:            10.000ns  (sys_clk_pin rise@10.000ns - sys_clk_pin rise@0.000ns)
  Data Path Delay:        3.490ns  (logic 0.704ns (20.175%)  route 2.786ns (79.825%))
  Logic Levels:           2  (LUT5=1 LUT6=1)
  Clock Path Skew:        -0.024ns (DCD - SCD + CPR)
    Destination Clock Delay (DCD):    5.018ns = ( 15.018 - 10.000 ) 
    Source Clock Delay      (SCD):    5.317ns
    Clock Pessimism Removal (CPR):    0.275ns
  Clock Uncertainty:      0.035ns  ((TSJ^2 + TIJ^2)^1/2 + DJ) / 2 + PE
    Total System Jitter     (TSJ):    0.071ns
    Total Input Jitter      (TIJ):    0.000ns
    Discrete Jitter          (DJ):    0.000ns
    Phase Error              (PE):    0.000ns

    Location             Delay type                Incr(ns)  Path(ns)    Netlist Resource(s)
  -------------------------------------------------------------------    -------------------
                         (clock sys_clk_pin rise edge)
                                                      0.000     0.000 r  
    E3                                                0.000     0.000 r  clock (IN)
                         net (fo=0)                   0.000     0.000    clock
    E3                   IBUF (Prop_ibuf_I_O)         1.482     1.482 r  clock_IBUF_inst/O
                         net (fo=1, routed)           2.025     3.506    clock_IBUF
    BUFGCTRL_X0Y16       BUFG (Prop_bufg_I_O)         0.096     3.602 r  clock_IBUF_BUFG_inst/O
                         net (fo=22, routed)          1.715     5.317    myvgatimer/xy/clock_IBUF_BUFG
    SLICE_X87Y142        FDRE                                         r  myvgatimer/xy/y_reg[1]/C
  -------------------------------------------------------------------    -------------------
    SLICE_X87Y142        FDRE (Prop_fdre_C_Q)         0.456     5.773 f  myvgatimer/xy/y_reg[1]/Q
                         net (fo=8, routed)           1.461     7.234    myvgatimer/xy/y[1]
    SLICE_X88Y142        LUT5 (Prop_lut5_I0_O)        0.124     7.358 f  myvgatimer/xy/y[9]_i_4/O
                         net (fo=2, routed)           0.644     8.002    myvgatimer/xy/y[9]_i_4_n_0
    SLICE_X86Y142        LUT6 (Prop_lut6_I4_O)        0.124     8.126 r  myvgatimer/xy/y[9]_i_1/O
                         net (fo=9, routed)           0.681     8.807    myvgatimer/xy/y[9]_i_1_n_0
    SLICE_X88Y143        FDRE                                         r  myvgatimer/xy/y_reg[9]/R
  -------------------------------------------------------------------    -------------------

                         (clock sys_clk_pin rise edge)
                                                     10.000    10.000 r  
    E3                                                0.000    10.000 r  clock (IN)
                         net (fo=0)                   0.000    10.000    clock
    E3                   IBUF (Prop_ibuf_I_O)         1.411    11.411 r  clock_IBUF_inst/O
                         net (fo=1, routed)           1.920    13.331    clock_IBUF
    BUFGCTRL_X0Y16       BUFG (Prop_bufg_I_O)         0.091    13.422 r  clock_IBUF_BUFG_inst/O
                         net (fo=22, routed)          1.596    15.018    myvgatimer/xy/clock_IBUF_BUFG
    SLICE_X88Y143        FDRE                                         r  myvgatimer/xy/y_reg[9]/C
                         clock pessimism              0.275    15.293    
                         clock uncertainty           -0.035    15.258    
    SLICE_X88Y143        FDRE (Setup_fdre_C_R)       -0.524    14.734    myvgatimer/xy/y_reg[9]
  -------------------------------------------------------------------
                         required time                         14.734    
                         arrival time                          -8.807    
  -------------------------------------------------------------------
                         slack                                  5.927    

Slack (MET) :             6.138ns  (required time - arrival time)
  Source:                 myvgatimer/xy/y_reg[1]/C
                            (rising edge-triggered cell FDRE clocked by sys_clk_pin  {rise@0.000ns fall@5.000ns period=10.000ns})
  Destination:            myvgatimer/xy/y_reg[1]/R
                            (rising edge-triggered cell FDRE clocked by sys_clk_pin  {rise@0.000ns fall@5.000ns period=10.000ns})
  Path Group:             sys_clk_pin
  Path Type:              Setup (Max at Slow Process Corner)
  Requirement:            10.000ns  (sys_clk_pin rise@10.000ns - sys_clk_pin rise@0.000ns)
  Data Path Delay:        3.398ns  (logic 0.704ns (20.720%)  route 2.694ns (79.280%))
  Logic Levels:           2  (LUT5=1 LUT6=1)
  Clock Path Skew:        0.000ns (DCD - SCD + CPR)
    Destination Clock Delay (DCD):    5.017ns = ( 15.017 - 10.000 ) 
    Source Clock Delay      (SCD):    5.317ns
    Clock Pessimism Removal (CPR):    0.300ns
  Clock Uncertainty:      0.035ns  ((TSJ^2 + TIJ^2)^1/2 + DJ) / 2 + PE
    Total System Jitter     (TSJ):    0.071ns
    Total Input Jitter      (TIJ):    0.000ns
    Discrete Jitter          (DJ):    0.000ns
    Phase Error              (PE):    0.000ns

    Location             Delay type                Incr(ns)  Path(ns)    Netlist Resource(s)
  -------------------------------------------------------------------    -------------------
                         (clock sys_clk_pin rise edge)
                                                      0.000     0.000 r  
    E3                                                0.000     0.000 r  clock (IN)
                         net (fo=0)                   0.000     0.000    clock
    E3                   IBUF (Prop_ibuf_I_O)         1.482     1.482 r  clock_IBUF_inst/O
                         net (fo=1, routed)           2.025     3.506    clock_IBUF
    BUFGCTRL_X0Y16       BUFG (Prop_bufg_I_O)         0.096     3.602 r  clock_IBUF_BUFG_inst/O
                         net (fo=22, routed)          1.715     5.317    myvgatimer/xy/clock_IBUF_BUFG
    SLICE_X87Y142        FDRE                                         r  myvgatimer/xy/y_reg[1]/C
  -------------------------------------------------------------------    -------------------
    SLICE_X87Y142        FDRE (Prop_fdre_C_Q)         0.456     5.773 f  myvgatimer/xy/y_reg[1]/Q
                         net (fo=8, routed)           1.461     7.234    myvgatimer/xy/y[1]
    SLICE_X88Y142        LUT5 (Prop_lut5_I0_O)        0.124     7.358 f  myvgatimer/xy/y[9]_i_4/O
                         net (fo=2, routed)           0.644     8.002    myvgatimer/xy/y[9]_i_4_n_0
    SLICE_X86Y142        LUT6 (Prop_lut6_I4_O)        0.124     8.126 r  myvgatimer/xy/y[9]_i_1/O
                         net (fo=9, routed)           0.589     8.715    myvgatimer/xy/y[9]_i_1_n_0
    SLICE_X87Y142        FDRE                                         r  myvgatimer/xy/y_reg[1]/R
  -------------------------------------------------------------------    -------------------

                         (clock sys_clk_pin rise edge)
                                                     10.000    10.000 r  
    E3                                                0.000    10.000 r  clock (IN)
                         net (fo=0)                   0.000    10.000    clock
    E3                   IBUF (Prop_ibuf_I_O)         1.411    11.411 r  clock_IBUF_inst/O
                         net (fo=1, routed)           1.920    13.331    clock_IBUF
    BUFGCTRL_X0Y16       BUFG (Prop_bufg_I_O)         0.091    13.422 r  clock_IBUF_BUFG_inst/O
                         net (fo=22, routed)          1.595    15.017    myvgatimer/xy/clock_IBUF_BUFG
    SLICE_X87Y142        FDRE                                         r  myvgatimer/xy/y_reg[1]/C
                         clock pessimism              0.300    15.317    
                         clock uncertainty           -0.035    15.282    
    SLICE_X87Y142        FDRE (Setup_fdre_C_R)       -0.429    14.853    myvgatimer/xy/y_reg[1]
  -------------------------------------------------------------------
                         required time                         14.853    
                         arrival time                          -8.715    
  -------------------------------------------------------------------
                         slack                                  6.138    

Slack (MET) :             6.342ns  (required time - arrival time)
  Source:                 myvgatimer/xy/y_reg[1]/C
                            (rising edge-triggered cell FDRE clocked by sys_clk_pin  {rise@0.000ns fall@5.000ns period=10.000ns})
  Destination:            myvgatimer/xy/y_reg[2]/R
                            (rising edge-triggered cell FDRE clocked by sys_clk_pin  {rise@0.000ns fall@5.000ns period=10.000ns})
  Path Group:             sys_clk_pin
  Path Type:              Setup (Max at Slow Process Corner)
  Requirement:            10.000ns  (sys_clk_pin rise@10.000ns - sys_clk_pin rise@0.000ns)
  Data Path Delay:        3.169ns  (logic 0.704ns (22.213%)  route 2.465ns (77.787%))
  Logic Levels:           2  (LUT5=1 LUT6=1)
  Clock Path Skew:        -0.024ns (DCD - SCD + CPR)
    Destination Clock Delay (DCD):    5.018ns = ( 15.018 - 10.000 ) 
    Source Clock Delay      (SCD):    5.317ns
    Clock Pessimism Removal (CPR):    0.275ns
  Clock Uncertainty:      0.035ns  ((TSJ^2 + TIJ^2)^1/2 + DJ) / 2 + PE
    Total System Jitter     (TSJ):    0.071ns
    Total Input Jitter      (TIJ):    0.000ns
    Discrete Jitter          (DJ):    0.000ns
    Phase Error              (PE):    0.000ns

    Location             Delay type                Incr(ns)  Path(ns)    Netlist Resource(s)
  -------------------------------------------------------------------    -------------------
                         (clock sys_clk_pin rise edge)
                                                      0.000     0.000 r  
    E3                                                0.000     0.000 r  clock (IN)
                         net (fo=0)                   0.000     0.000    clock
    E3                   IBUF (Prop_ibuf_I_O)         1.482     1.482 r  clock_IBUF_inst/O
                         net (fo=1, routed)           2.025     3.506    clock_IBUF
    BUFGCTRL_X0Y16       BUFG (Prop_bufg_I_O)         0.096     3.602 r  clock_IBUF_BUFG_inst/O
                         net (fo=22, routed)          1.715     5.317    myvgatimer/xy/clock_IBUF_BUFG
    SLICE_X87Y142        FDRE                                         r  myvgatimer/xy/y_reg[1]/C
  -------------------------------------------------------------------    -------------------
    SLICE_X87Y142        FDRE (Prop_fdre_C_Q)         0.456     5.773 f  myvgatimer/xy/y_reg[1]/Q
                         net (fo=8, routed)           1.461     7.234    myvgatimer/xy/y[1]
    SLICE_X88Y142        LUT5 (Prop_lut5_I0_O)        0.124     7.358 f  myvgatimer/xy/y[9]_i_4/O
                         net (fo=2, routed)           0.644     8.002    myvgatimer/xy/y[9]_i_4_n_0
    SLICE_X86Y142        LUT6 (Prop_lut6_I4_O)        0.124     8.126 r  myvgatimer/xy/y[9]_i_1/O
                         net (fo=9, routed)           0.361     8.487    myvgatimer/xy/y[9]_i_1_n_0
    SLICE_X87Y143        FDRE                                         r  myvgatimer/xy/y_reg[2]/R
  -------------------------------------------------------------------    -------------------

                         (clock sys_clk_pin rise edge)
                                                     10.000    10.000 r  
    E3                                                0.000    10.000 r  clock (IN)
                         net (fo=0)                   0.000    10.000    clock
    E3                   IBUF (Prop_ibuf_I_O)         1.411    11.411 r  clock_IBUF_inst/O
                         net (fo=1, routed)           1.920    13.331    clock_IBUF
    BUFGCTRL_X0Y16       BUFG (Prop_bufg_I_O)         0.091    13.422 r  clock_IBUF_BUFG_inst/O
                         net (fo=22, routed)          1.596    15.018    myvgatimer/xy/clock_IBUF_BUFG
    SLICE_X87Y143        FDRE                                         r  myvgatimer/xy/y_reg[2]/C
                         clock pessimism              0.275    15.293    
                         clock uncertainty           -0.035    15.258    
    SLICE_X87Y143        FDRE (Setup_fdre_C_R)       -0.429    14.829    myvgatimer/xy/y_reg[2]
  -------------------------------------------------------------------
                         required time                         14.829    
                         arrival time                          -8.487    
  -------------------------------------------------------------------
                         slack                                  6.342    

Slack (MET) :             6.342ns  (required time - arrival time)
  Source:                 myvgatimer/xy/y_reg[1]/C
                            (rising edge-triggered cell FDRE clocked by sys_clk_pin  {rise@0.000ns fall@5.000ns period=10.000ns})
  Destination:            myvgatimer/xy/y_reg[3]/R
                            (rising edge-triggered cell FDRE clocked by sys_clk_pin  {rise@0.000ns fall@5.000ns period=10.000ns})
  Path Group:             sys_clk_pin
  Path Type:              Setup (Max at Slow Process Corner)
  Requirement:            10.000ns  (sys_clk_pin rise@10.000ns - sys_clk_pin rise@0.000ns)
  Data Path Delay:        3.169ns  (logic 0.704ns (22.213%)  route 2.465ns (77.787%))
  Logic Levels:           2  (LUT5=1 LUT6=1)
  Clock Path Skew:        -0.024ns (DCD - SCD + CPR)
    Destination Clock Delay (DCD):    5.018ns = ( 15.018 - 10.000 ) 
    Source Clock Delay      (SCD):    5.317ns
    Clock Pessimism Removal (CPR):    0.275ns
  Clock Uncertainty:      0.035ns  ((TSJ^2 + TIJ^2)^1/2 + DJ) / 2 + PE
    Total System Jitter     (TSJ):    0.071ns
    Total Input Jitter      (TIJ):    0.000ns
    Discrete Jitter          (DJ):    0.000ns
    Phase Error              (PE):    0.000ns

    Location             Delay type                Incr(ns)  Path(ns)    Netlist Resource(s)
  -------------------------------------------------------------------    -------------------
                         (clock sys_clk_pin rise edge)
                                                      0.000     0.000 r  
    E3                                                0.000     0.000 r  clock (IN)
                         net (fo=0)                   0.000     0.000    clock
    E3                   IBUF (Prop_ibuf_I_O)         1.482     1.482 r  clock_IBUF_inst/O
                         net (fo=1, routed)           2.025     3.506    clock_IBUF
    BUFGCTRL_X0Y16       BUFG (Prop_bufg_I_O)         0.096     3.602 r  clock_IBUF_BUFG_inst/O
                         net (fo=22, routed)          1.715     5.317    myvgatimer/xy/clock_IBUF_BUFG
    SLICE_X87Y142        FDRE                                         r  myvgatimer/xy/y_reg[1]/C
  -------------------------------------------------------------------    -------------------
    SLICE_X87Y142        FDRE (Prop_fdre_C_Q)         0.456     5.773 f  myvgatimer/xy/y_reg[1]/Q
                         net (fo=8, routed)           1.461     7.234    myvgatimer/xy/y[1]
    SLICE_X88Y142        LUT5 (Prop_lut5_I0_O)        0.124     7.358 f  myvgatimer/xy/y[9]_i_4/O
                         net (fo=2, routed)           0.644     8.002    myvgatimer/xy/y[9]_i_4_n_0
    SLICE_X86Y142        LUT6 (Prop_lut6_I4_O)        0.124     8.126 r  myvgatimer/xy/y[9]_i_1/O
                         net (fo=9, routed)           0.361     8.487    myvgatimer/xy/y[9]_i_1_n_0
    SLICE_X87Y143        FDRE                                         r  myvgatimer/xy/y_reg[3]/R
  -------------------------------------------------------------------    -------------------

                         (clock sys_clk_pin rise edge)
                                                     10.000    10.000 r  
    E3                                                0.000    10.000 r  clock (IN)
                         net (fo=0)                   0.000    10.000    clock
    E3                   IBUF (Prop_ibuf_I_O)         1.411    11.411 r  clock_IBUF_inst/O
                         net (fo=1, routed)           1.920    13.331    clock_IBUF
    BUFGCTRL_X0Y16       BUFG (Prop_bufg_I_O)         0.091    13.422 r  clock_IBUF_BUFG_inst/O
                         net (fo=22, routed)          1.596    15.018    myvgatimer/xy/clock_IBUF_BUFG
    SLICE_X87Y143        FDRE                                         r  myvgatimer/xy/y_reg[3]/C
                         clock pessimism              0.275    15.293    
                         clock uncertainty           -0.035    15.258    
    SLICE_X87Y143        FDRE (Setup_fdre_C_R)       -0.429    14.829    myvgatimer/xy/y_reg[3]
  -------------------------------------------------------------------
                         required time                         14.829    
                         arrival time                          -8.487    
  -------------------------------------------------------------------
                         slack                                  6.342    

Slack (MET) :             6.342ns  (required time - arrival time)
  Source:                 myvgatimer/xy/y_reg[1]/C
                            (rising edge-triggered cell FDRE clocked by sys_clk_pin  {rise@0.000ns fall@5.000ns period=10.000ns})
  Destination:            myvgatimer/xy/y_reg[4]/R
                            (rising edge-triggered cell FDRE clocked by sys_clk_pin  {rise@0.000ns fall@5.000ns period=10.000ns})
  Path Group:             sys_clk_pin
  Path Type:              Setup (Max at Slow Process Corner)
  Requirement:            10.000ns  (sys_clk_pin rise@10.000ns - sys_clk_pin rise@0.000ns)
  Data Path Delay:        3.169ns  (logic 0.704ns (22.213%)  route 2.465ns (77.787%))
  Logic Levels:           2  (LUT5=1 LUT6=1)
  Clock Path Skew:        -0.024ns (DCD - SCD + CPR)
    Destination Clock Delay (DCD):    5.018ns = ( 15.018 - 10.000 ) 
    Source Clock Delay      (SCD):    5.317ns
    Clock Pessimism Removal (CPR):    0.275ns
  Clock Uncertainty:      0.035ns  ((TSJ^2 + TIJ^2)^1/2 + DJ) / 2 + PE
    Total System Jitter     (TSJ):    0.071ns
    Total Input Jitter      (TIJ):    0.000ns
    Discrete Jitter          (DJ):    0.000ns
    Phase Error              (PE):    0.000ns

    Location             Delay type                Incr(ns)  Path(ns)    Netlist Resource(s)
  -------------------------------------------------------------------    -------------------
                         (clock sys_clk_pin rise edge)
                                                      0.000     0.000 r  
    E3                                                0.000     0.000 r  clock (IN)
                         net (fo=0)                   0.000     0.000    clock
    E3                   IBUF (Prop_ibuf_I_O)         1.482     1.482 r  clock_IBUF_inst/O
                         net (fo=1, routed)           2.025     3.506    clock_IBUF
    BUFGCTRL_X0Y16       BUFG (Prop_bufg_I_O)         0.096     3.602 r  clock_IBUF_BUFG_inst/O
                         net (fo=22, routed)          1.715     5.317    myvgatimer/xy/clock_IBUF_BUFG
    SLICE_X87Y142        FDRE                                         r  myvgatimer/xy/y_reg[1]/C
  -------------------------------------------------------------------    -------------------
    SLICE_X87Y142        FDRE (Prop_fdre_C_Q)         0.456     5.773 f  myvgatimer/xy/y_reg[1]/Q
                         net (fo=8, routed)           1.461     7.234    myvgatimer/xy/y[1]
    SLICE_X88Y142        LUT5 (Prop_lut5_I0_O)        0.124     7.358 f  myvgatimer/xy/y[9]_i_4/O
                         net (fo=2, routed)           0.644     8.002    myvgatimer/xy/y[9]_i_4_n_0
    SLICE_X86Y142        LUT6 (Prop_lut6_I4_O)        0.124     8.126 r  myvgatimer/xy/y[9]_i_1/O
                         net (fo=9, routed)           0.361     8.487    myvgatimer/xy/y[9]_i_1_n_0
    SLICE_X87Y143        FDRE                                         r  myvgatimer/xy/y_reg[4]/R
  -------------------------------------------------------------------    -------------------

                         (clock sys_clk_pin rise edge)
                                                     10.000    10.000 r  
    E3                                                0.000    10.000 r  clock (IN)
                         net (fo=0)                   0.000    10.000    clock
    E3                   IBUF (Prop_ibuf_I_O)         1.411    11.411 r  clock_IBUF_inst/O
                         net (fo=1, routed)           1.920    13.331    clock_IBUF
    BUFGCTRL_X0Y16       BUFG (Prop_bufg_I_O)         0.091    13.422 r  clock_IBUF_BUFG_inst/O
                         net (fo=22, routed)          1.596    15.018    myvgatimer/xy/clock_IBUF_BUFG
    SLICE_X87Y143        FDRE                                         r  myvgatimer/xy/y_reg[4]/C
                         clock pessimism              0.275    15.293    
                         clock uncertainty           -0.035    15.258    
    SLICE_X87Y143        FDRE (Setup_fdre_C_R)       -0.429    14.829    myvgatimer/xy/y_reg[4]
  -------------------------------------------------------------------
                         required time                         14.829    
                         arrival time                          -8.487    
  -------------------------------------------------------------------
                         slack                                  6.342    

Slack (MET) :             6.490ns  (required time - arrival time)
  Source:                 myvgatimer/xy/x_reg[3]/C
                            (rising edge-triggered cell FDRE clocked by sys_clk_pin  {rise@0.000ns fall@5.000ns period=10.000ns})
  Destination:            myvgatimer/xy/x_reg[6]/D
                            (rising edge-triggered cell FDRE clocked by sys_clk_pin  {rise@0.000ns fall@5.000ns period=10.000ns})
  Path Group:             sys_clk_pin
  Path Type:              Setup (Max at Slow Process Corner)
  Requirement:            10.000ns  (sys_clk_pin rise@10.000ns - sys_clk_pin rise@0.000ns)
  Data Path Delay:        3.185ns  (logic 0.926ns (29.073%)  route 2.259ns (70.927%))
  Logic Levels:           2  (LUT3=1 LUT5=1)
  Clock Path Skew:        -0.025ns (DCD - SCD + CPR)
    Destination Clock Delay (DCD):    5.017ns = ( 15.017 - 10.000 ) 
    Source Clock Delay      (SCD):    5.317ns
    Clock Pessimism Removal (CPR):    0.275ns
  Clock Uncertainty:      0.035ns  ((TSJ^2 + TIJ^2)^1/2 + DJ) / 2 + PE
    Total System Jitter     (TSJ):    0.071ns
    Total Input Jitter      (TIJ):    0.000ns
    Discrete Jitter          (DJ):    0.000ns
    Phase Error              (PE):    0.000ns

    Location             Delay type                Incr(ns)  Path(ns)    Netlist Resource(s)
  -------------------------------------------------------------------    -------------------
                         (clock sys_clk_pin rise edge)
                                                      0.000     0.000 r  
    E3                                                0.000     0.000 r  clock (IN)
                         net (fo=0)                   0.000     0.000    clock
    E3                   IBUF (Prop_ibuf_I_O)         1.482     1.482 r  clock_IBUF_inst/O
                         net (fo=1, routed)           2.025     3.506    clock_IBUF
    BUFGCTRL_X0Y16       BUFG (Prop_bufg_I_O)         0.096     3.602 r  clock_IBUF_BUFG_inst/O
                         net (fo=22, routed)          1.715     5.317    myvgatimer/xy/clock_IBUF_BUFG
    SLICE_X88Y141        FDRE                                         r  myvgatimer/xy/x_reg[3]/C
  -------------------------------------------------------------------    -------------------
    SLICE_X88Y141        FDRE (Prop_fdre_C_Q)         0.478     5.795 f  myvgatimer/xy/x_reg[3]/Q
                         net (fo=9, routed)           1.096     6.892    myvgatimer/xy/x[3]
    SLICE_X88Y141        LUT5 (Prop_lut5_I2_O)        0.295     7.187 r  myvgatimer/xy/x[9]_i_5/O
                         net (fo=4, routed)           0.591     7.778    myvgatimer/xy/x[9]_i_5_n_0
    SLICE_X86Y141        LUT3 (Prop_lut3_I0_O)        0.153     7.931 r  myvgatimer/xy/x[6]_i_1/O
                         net (fo=1, routed)           0.571     8.502    myvgatimer/xy/data0[6]
    SLICE_X86Y141        FDRE                                         r  myvgatimer/xy/x_reg[6]/D
  -------------------------------------------------------------------    -------------------

                         (clock sys_clk_pin rise edge)
                                                     10.000    10.000 r  
    E3                                                0.000    10.000 r  clock (IN)
                         net (fo=0)                   0.000    10.000    clock
    E3                   IBUF (Prop_ibuf_I_O)         1.411    11.411 r  clock_IBUF_inst/O
                         net (fo=1, routed)           1.920    13.331    clock_IBUF
    BUFGCTRL_X0Y16       BUFG (Prop_bufg_I_O)         0.091    13.422 r  clock_IBUF_BUFG_inst/O
                         net (fo=22, routed)          1.595    15.017    myvgatimer/xy/clock_IBUF_BUFG
    SLICE_X86Y141        FDRE                                         r  myvgatimer/xy/x_reg[6]/C
                         clock pessimism              0.275    15.292    
                         clock uncertainty           -0.035    15.257    
    SLICE_X86Y141        FDRE (Setup_fdre_C_D)       -0.265    14.992    myvgatimer/xy/x_reg[6]
  -------------------------------------------------------------------
                         required time                         14.992    
                         arrival time                          -8.502    
  -------------------------------------------------------------------
                         slack                                  6.490    





Min Delay Paths
--------------------------------------------------------------------------------------
Slack (MET) :             0.191ns  (arrival time - required time)
  Source:                 myvgatimer/xy/y_reg[0]/C
                            (rising edge-triggered cell FDRE clocked by sys_clk_pin  {rise@0.000ns fall@5.000ns period=10.000ns})
  Destination:            myvgatimer/xy/y_reg[1]/D
                            (rising edge-triggered cell FDRE clocked by sys_clk_pin  {rise@0.000ns fall@5.000ns period=10.000ns})
  Path Group:             sys_clk_pin
  Path Type:              Hold (Min at Fast Process Corner)
  Requirement:            0.000ns  (sys_clk_pin rise@0.000ns - sys_clk_pin rise@0.000ns)
  Data Path Delay:        0.295ns  (logic 0.186ns (63.068%)  route 0.109ns (36.932%))
  Logic Levels:           1  (LUT2=1)
  Clock Path Skew:        0.013ns (DCD - SCD - CPR)
    Destination Clock Delay (DCD):    2.037ns
    Source Clock Delay      (SCD):    1.519ns
    Clock Pessimism Removal (CPR):    0.504ns

    Location             Delay type                Incr(ns)  Path(ns)    Netlist Resource(s)
  -------------------------------------------------------------------    -------------------
                         (clock sys_clk_pin rise edge)
                                                      0.000     0.000 r  
    E3                                                0.000     0.000 r  clock (IN)
                         net (fo=0)                   0.000     0.000    clock
    E3                   IBUF (Prop_ibuf_I_O)         0.250     0.250 r  clock_IBUF_inst/O
                         net (fo=1, routed)           0.644     0.894    clock_IBUF
    BUFGCTRL_X0Y16       BUFG (Prop_bufg_I_O)         0.026     0.920 r  clock_IBUF_BUFG_inst/O
                         net (fo=22, routed)          0.600     1.519    myvgatimer/xy/clock_IBUF_BUFG
    SLICE_X86Y142        FDRE                                         r  myvgatimer/xy/y_reg[0]/C
  -------------------------------------------------------------------    -------------------
    SLICE_X86Y142        FDRE (Prop_fdre_C_Q)         0.141     1.660 r  myvgatimer/xy/y_reg[0]/Q
                         net (fo=8, routed)           0.109     1.769    myvgatimer/xy/y[0]
    SLICE_X87Y142        LUT2 (Prop_lut2_I0_O)        0.045     1.814 r  myvgatimer/xy/y[1]_i_1/O
                         net (fo=1, routed)           0.000     1.814    myvgatimer/xy/y[1]_i_1_n_0
    SLICE_X87Y142        FDRE                                         r  myvgatimer/xy/y_reg[1]/D
  -------------------------------------------------------------------    -------------------

                         (clock sys_clk_pin rise edge)
                                                      0.000     0.000 r  
    E3                                                0.000     0.000 r  clock (IN)
                         net (fo=0)                   0.000     0.000    clock
    E3                   IBUF (Prop_ibuf_I_O)         0.438     0.438 r  clock_IBUF_inst/O
                         net (fo=1, routed)           0.699     1.136    clock_IBUF
    BUFGCTRL_X0Y16       BUFG (Prop_bufg_I_O)         0.029     1.165 r  clock_IBUF_BUFG_inst/O
                         net (fo=22, routed)          0.871     2.037    myvgatimer/xy/clock_IBUF_BUFG
    SLICE_X87Y142        FDRE                                         r  myvgatimer/xy/y_reg[1]/C
                         clock pessimism             -0.504     1.532    
    SLICE_X87Y142        FDRE (Hold_fdre_C_D)         0.091     1.623    myvgatimer/xy/y_reg[1]
  -------------------------------------------------------------------
                         required time                         -1.623    
                         arrival time                           1.814    
  -------------------------------------------------------------------
                         slack                                  0.191    

Slack (MET) :             0.198ns  (arrival time - required time)
  Source:                 myvgatimer/xy/y_reg[8]/C
                            (rising edge-triggered cell FDRE clocked by sys_clk_pin  {rise@0.000ns fall@5.000ns period=10.000ns})
  Destination:            myvgatimer/xy/y_reg[9]/D
                            (rising edge-triggered cell FDRE clocked by sys_clk_pin  {rise@0.000ns fall@5.000ns period=10.000ns})
  Path Group:             sys_clk_pin
  Path Type:              Hold (Min at Fast Process Corner)
  Requirement:            0.000ns  (sys_clk_pin rise@0.000ns - sys_clk_pin rise@0.000ns)
  Data Path Delay:        0.319ns  (logic 0.246ns (77.156%)  route 0.073ns (22.844%))
  Logic Levels:           1  (LUT6=1)
  Clock Path Skew:        0.000ns (DCD - SCD - CPR)
    Destination Clock Delay (DCD):    2.038ns
    Source Clock Delay      (SCD):    1.520ns
    Clock Pessimism Removal (CPR):    0.517ns

    Location             Delay type                Incr(ns)  Path(ns)    Netlist Resource(s)
  -------------------------------------------------------------------    -------------------
                         (clock sys_clk_pin rise edge)
                                                      0.000     0.000 r  
    E3                                                0.000     0.000 r  clock (IN)
                         net (fo=0)                   0.000     0.000    clock
    E3                   IBUF (Prop_ibuf_I_O)         0.250     0.250 r  clock_IBUF_inst/O
                         net (fo=1, routed)           0.644     0.894    clock_IBUF
    BUFGCTRL_X0Y16       BUFG (Prop_bufg_I_O)         0.026     0.920 r  clock_IBUF_BUFG_inst/O
                         net (fo=22, routed)          0.601     1.520    myvgatimer/xy/clock_IBUF_BUFG
    SLICE_X88Y143        FDRE                                         r  myvgatimer/xy/y_reg[8]/C
  -------------------------------------------------------------------    -------------------
    SLICE_X88Y143        FDRE (Prop_fdre_C_Q)         0.148     1.668 r  myvgatimer/xy/y_reg[8]/Q
                         net (fo=5, routed)           0.073     1.741    myvgatimer/xy/y[8]
    SLICE_X88Y143        LUT6 (Prop_lut6_I0_O)        0.098     1.839 r  myvgatimer/xy/y[9]_i_2/O
                         net (fo=1, routed)           0.000     1.839    myvgatimer/xy/y[9]_i_2_n_0
    SLICE_X88Y143        FDRE                                         r  myvgatimer/xy/y_reg[9]/D
  -------------------------------------------------------------------    -------------------

                         (clock sys_clk_pin rise edge)
                                                      0.000     0.000 r  
    E3                                                0.000     0.000 r  clock (IN)
                         net (fo=0)                   0.000     0.000    clock
    E3                   IBUF (Prop_ibuf_I_O)         0.438     0.438 r  clock_IBUF_inst/O
                         net (fo=1, routed)           0.699     1.136    clock_IBUF
    BUFGCTRL_X0Y16       BUFG (Prop_bufg_I_O)         0.029     1.165 r  clock_IBUF_BUFG_inst/O
                         net (fo=22, routed)          0.872     2.038    myvgatimer/xy/clock_IBUF_BUFG
    SLICE_X88Y143        FDRE                                         r  myvgatimer/xy/y_reg[9]/C
                         clock pessimism             -0.517     1.520    
    SLICE_X88Y143        FDRE (Hold_fdre_C_D)         0.121     1.641    myvgatimer/xy/y_reg[9]
  -------------------------------------------------------------------
                         required time                         -1.641    
                         arrival time                           1.839    
  -------------------------------------------------------------------
                         slack                                  0.198    

Slack (MET) :             0.217ns  (arrival time - required time)
  Source:                 myvgatimer/clk_count_reg[1]/C
                            (rising edge-triggered cell FDRE clocked by sys_clk_pin  {rise@0.000ns fall@5.000ns period=10.000ns})
  Destination:            myvgatimer/xy/x_reg[0]/D
                            (rising edge-triggered cell FDRE clocked by sys_clk_pin  {rise@0.000ns fall@5.000ns period=10.000ns})
  Path Group:             sys_clk_pin
  Path Type:              Hold (Min at Fast Process Corner)
  Requirement:            0.000ns  (sys_clk_pin rise@0.000ns - sys_clk_pin rise@0.000ns)
  Data Path Delay:        0.309ns  (logic 0.227ns (73.472%)  route 0.082ns (26.528%))
  Logic Levels:           1  (LUT3=1)
  Clock Path Skew:        0.000ns (DCD - SCD - CPR)
    Destination Clock Delay (DCD):    2.037ns
    Source Clock Delay      (SCD):    1.519ns
    Clock Pessimism Removal (CPR):    0.517ns

    Location             Delay type                Incr(ns)  Path(ns)    Netlist Resource(s)
  -------------------------------------------------------------------    -------------------
                         (clock sys_clk_pin rise edge)
                                                      0.000     0.000 r  
    E3                                                0.000     0.000 r  clock (IN)
                         net (fo=0)                   0.000     0.000    clock
    E3                   IBUF (Prop_ibuf_I_O)         0.250     0.250 r  clock_IBUF_inst/O
                         net (fo=1, routed)           0.644     0.894    clock_IBUF
    BUFGCTRL_X0Y16       BUFG (Prop_bufg_I_O)         0.026     0.920 r  clock_IBUF_BUFG_inst/O
                         net (fo=22, routed)          0.600     1.519    myvgatimer/clock_IBUF_BUFG
    SLICE_X87Y141        FDRE                                         r  myvgatimer/clk_count_reg[1]/C
  -------------------------------------------------------------------    -------------------
    SLICE_X87Y141        FDRE (Prop_fdre_C_Q)         0.128     1.647 r  myvgatimer/clk_count_reg[1]/Q
                         net (fo=3, routed)           0.082     1.729    myvgatimer/xy/Q[1]
    SLICE_X87Y141        LUT3 (Prop_lut3_I0_O)        0.099     1.828 r  myvgatimer/xy/x[0]_i_1/O
                         net (fo=1, routed)           0.000     1.828    myvgatimer/xy/x[0]_i_1_n_0
    SLICE_X87Y141        FDRE                                         r  myvgatimer/xy/x_reg[0]/D
  -------------------------------------------------------------------    -------------------

                         (clock sys_clk_pin rise edge)
                                                      0.000     0.000 r  
    E3                                                0.000     0.000 r  clock (IN)
                         net (fo=0)                   0.000     0.000    clock
    E3                   IBUF (Prop_ibuf_I_O)         0.438     0.438 r  clock_IBUF_inst/O
                         net (fo=1, routed)           0.699     1.136    clock_IBUF
    BUFGCTRL_X0Y16       BUFG (Prop_bufg_I_O)         0.029     1.165 r  clock_IBUF_BUFG_inst/O
                         net (fo=22, routed)          0.871     2.037    myvgatimer/xy/clock_IBUF_BUFG
    SLICE_X87Y141        FDRE                                         r  myvgatimer/xy/x_reg[0]/C
                         clock pessimism             -0.517     1.519    
    SLICE_X87Y141        FDRE (Hold_fdre_C_D)         0.092     1.611    myvgatimer/xy/x_reg[0]
  -------------------------------------------------------------------
                         required time                         -1.611    
                         arrival time                           1.828    
  -------------------------------------------------------------------
                         slack                                  0.217    

Slack (MET) :             0.226ns  (arrival time - required time)
  Source:                 myvgatimer/xy/x_reg[0]/C
                            (rising edge-triggered cell FDRE clocked by sys_clk_pin  {rise@0.000ns fall@5.000ns period=10.000ns})
  Destination:            myvgatimer/xy/x_reg[3]/D
                            (rising edge-triggered cell FDRE clocked by sys_clk_pin  {rise@0.000ns fall@5.000ns period=10.000ns})
  Path Group:             sys_clk_pin
  Path Type:              Hold (Min at Fast Process Corner)
  Requirement:            0.000ns  (sys_clk_pin rise@0.000ns - sys_clk_pin rise@0.000ns)
  Data Path Delay:        0.373ns  (logic 0.189ns (50.610%)  route 0.184ns (49.390%))
  Logic Levels:           1  (LUT4=1)
  Clock Path Skew:        0.016ns (DCD - SCD - CPR)
    Destination Clock Delay (DCD):    2.037ns
    Source Clock Delay      (SCD):    1.519ns
    Clock Pessimism Removal (CPR):    0.501ns

    Location             Delay type                Incr(ns)  Path(ns)    Netlist Resource(s)
  -------------------------------------------------------------------    -------------------
                         (clock sys_clk_pin rise edge)
                                                      0.000     0.000 r  
    E3                                                0.000     0.000 r  clock (IN)
                         net (fo=0)                   0.000     0.000    clock
    E3                   IBUF (Prop_ibuf_I_O)         0.250     0.250 r  clock_IBUF_inst/O
                         net (fo=1, routed)           0.644     0.894    clock_IBUF
    BUFGCTRL_X0Y16       BUFG (Prop_bufg_I_O)         0.026     0.920 r  clock_IBUF_BUFG_inst/O
                         net (fo=22, routed)          0.600     1.519    myvgatimer/xy/clock_IBUF_BUFG
    SLICE_X87Y141        FDRE                                         r  myvgatimer/xy/x_reg[0]/C
  -------------------------------------------------------------------    -------------------
    SLICE_X87Y141        FDRE (Prop_fdre_C_Q)         0.141     1.660 r  myvgatimer/xy/x_reg[0]/Q
                         net (fo=8, routed)           0.184     1.845    myvgatimer/xy/x[0]
    SLICE_X88Y141        LUT4 (Prop_lut4_I0_O)        0.048     1.893 r  myvgatimer/xy/x[3]_i_1/O
                         net (fo=1, routed)           0.000     1.893    myvgatimer/xy/data0[3]
    SLICE_X88Y141        FDRE                                         r  myvgatimer/xy/x_reg[3]/D
  -------------------------------------------------------------------    -------------------

                         (clock sys_clk_pin rise edge)
                                                      0.000     0.000 r  
    E3                                                0.000     0.000 r  clock (IN)
                         net (fo=0)                   0.000     0.000    clock
    E3                   IBUF (Prop_ibuf_I_O)         0.438     0.438 r  clock_IBUF_inst/O
                         net (fo=1, routed)           0.699     1.136    clock_IBUF
    BUFGCTRL_X0Y16       BUFG (Prop_bufg_I_O)         0.029     1.165 r  clock_IBUF_BUFG_inst/O
                         net (fo=22, routed)          0.871     2.037    myvgatimer/xy/clock_IBUF_BUFG
    SLICE_X88Y141        FDRE                                         r  myvgatimer/xy/x_reg[3]/C
                         clock pessimism             -0.501     1.535    
    SLICE_X88Y141        FDRE (Hold_fdre_C_D)         0.131     1.666    myvgatimer/xy/x_reg[3]
  -------------------------------------------------------------------
                         required time                         -1.666    
                         arrival time                           1.893    
  -------------------------------------------------------------------
                         slack                                  0.226    

Slack (MET) :             0.234ns  (arrival time - required time)
  Source:                 myvgatimer/xy/x_reg[0]/C
                            (rising edge-triggered cell FDRE clocked by sys_clk_pin  {rise@0.000ns fall@5.000ns period=10.000ns})
  Destination:            myvgatimer/xy/x_reg[2]/D
                            (rising edge-triggered cell FDRE clocked by sys_clk_pin  {rise@0.000ns fall@5.000ns period=10.000ns})
  Path Group:             sys_clk_pin
  Path Type:              Hold (Min at Fast Process Corner)
  Requirement:            0.000ns  (sys_clk_pin rise@0.000ns - sys_clk_pin rise@0.000ns)
  Data Path Delay:        0.370ns  (logic 0.186ns (50.210%)  route 0.184ns (49.790%))
  Logic Levels:           1  (LUT3=1)
  Clock Path Skew:        0.016ns (DCD - SCD - CPR)
    Destination Clock Delay (DCD):    2.037ns
    Source Clock Delay      (SCD):    1.519ns
    Clock Pessimism Removal (CPR):    0.501ns

    Location             Delay type                Incr(ns)  Path(ns)    Netlist Resource(s)
  -------------------------------------------------------------------    -------------------
                         (clock sys_clk_pin rise edge)
                                                      0.000     0.000 r  
    E3                                                0.000     0.000 r  clock (IN)
                         net (fo=0)                   0.000     0.000    clock
    E3                   IBUF (Prop_ibuf_I_O)         0.250     0.250 r  clock_IBUF_inst/O
                         net (fo=1, routed)           0.644     0.894    clock_IBUF
    BUFGCTRL_X0Y16       BUFG (Prop_bufg_I_O)         0.026     0.920 r  clock_IBUF_BUFG_inst/O
                         net (fo=22, routed)          0.600     1.519    myvgatimer/xy/clock_IBUF_BUFG
    SLICE_X87Y141        FDRE                                         r  myvgatimer/xy/x_reg[0]/C
  -------------------------------------------------------------------    -------------------
    SLICE_X87Y141        FDRE (Prop_fdre_C_Q)         0.141     1.660 r  myvgatimer/xy/x_reg[0]/Q
                         net (fo=8, routed)           0.184     1.845    myvgatimer/xy/x[0]
    SLICE_X88Y141        LUT3 (Prop_lut3_I1_O)        0.045     1.890 r  myvgatimer/xy/x[2]_i_1/O
                         net (fo=1, routed)           0.000     1.890    myvgatimer/xy/x[2]_i_1_n_0
    SLICE_X88Y141        FDRE                                         r  myvgatimer/xy/x_reg[2]/D
  -------------------------------------------------------------------    -------------------

                         (clock sys_clk_pin rise edge)
                                                      0.000     0.000 r  
    E3                                                0.000     0.000 r  clock (IN)
                         net (fo=0)                   0.000     0.000    clock
    E3                   IBUF (Prop_ibuf_I_O)         0.438     0.438 r  clock_IBUF_inst/O
                         net (fo=1, routed)           0.699     1.136    clock_IBUF
    BUFGCTRL_X0Y16       BUFG (Prop_bufg_I_O)         0.029     1.165 r  clock_IBUF_BUFG_inst/O
                         net (fo=22, routed)          0.871     2.037    myvgatimer/xy/clock_IBUF_BUFG
    SLICE_X88Y141        FDRE                                         r  myvgatimer/xy/x_reg[2]/C
                         clock pessimism             -0.501     1.535    
    SLICE_X88Y141        FDRE (Hold_fdre_C_D)         0.120     1.655    myvgatimer/xy/x_reg[2]
  -------------------------------------------------------------------
                         required time                         -1.655    
                         arrival time                           1.890    
  -------------------------------------------------------------------
                         slack                                  0.234    

Slack (MET) :             0.242ns  (arrival time - required time)
  Source:                 myvgatimer/xy/y_reg[1]/C
                            (rising edge-triggered cell FDRE clocked by sys_clk_pin  {rise@0.000ns fall@5.000ns period=10.000ns})
  Destination:            myvgatimer/xy/y_reg[3]/D
                            (rising edge-triggered cell FDRE clocked by sys_clk_pin  {rise@0.000ns fall@5.000ns period=10.000ns})
  Path Group:             sys_clk_pin
  Path Type:              Hold (Min at Fast Process Corner)
  Requirement:            0.000ns  (sys_clk_pin rise@0.000ns - sys_clk_pin rise@0.000ns)
  Data Path Delay:        0.366ns  (logic 0.189ns (51.600%)  route 0.177ns (48.400%))
  Logic Levels:           1  (LUT4=1)
  Clock Path Skew:        0.017ns (DCD - SCD - CPR)
    Destination Clock Delay (DCD):    2.038ns
    Source Clock Delay      (SCD):    1.519ns
    Clock Pessimism Removal (CPR):    0.501ns

    Location             Delay type                Incr(ns)  Path(ns)    Netlist Resource(s)
  -------------------------------------------------------------------    -------------------
                         (clock sys_clk_pin rise edge)
                                                      0.000     0.000 r  
    E3                                                0.000     0.000 r  clock (IN)
                         net (fo=0)                   0.000     0.000    clock
    E3                   IBUF (Prop_ibuf_I_O)         0.250     0.250 r  clock_IBUF_inst/O
                         net (fo=1, routed)           0.644     0.894    clock_IBUF
    BUFGCTRL_X0Y16       BUFG (Prop_bufg_I_O)         0.026     0.920 r  clock_IBUF_BUFG_inst/O
                         net (fo=22, routed)          0.600     1.519    myvgatimer/xy/clock_IBUF_BUFG
    SLICE_X87Y142        FDRE                                         r  myvgatimer/xy/y_reg[1]/C
  -------------------------------------------------------------------    -------------------
    SLICE_X87Y142        FDRE (Prop_fdre_C_Q)         0.141     1.660 r  myvgatimer/xy/y_reg[1]/Q
                         net (fo=8, routed)           0.177     1.838    myvgatimer/xy/y[1]
    SLICE_X87Y143        LUT4 (Prop_lut4_I2_O)        0.048     1.886 r  myvgatimer/xy/y[3]_i_1/O
                         net (fo=1, routed)           0.000     1.886    myvgatimer/xy/y[3]_i_1_n_0
    SLICE_X87Y143        FDRE                                         r  myvgatimer/xy/y_reg[3]/D
  -------------------------------------------------------------------    -------------------

                         (clock sys_clk_pin rise edge)
                                                      0.000     0.000 r  
    E3                                                0.000     0.000 r  clock (IN)
                         net (fo=0)                   0.000     0.000    clock
    E3                   IBUF (Prop_ibuf_I_O)         0.438     0.438 r  clock_IBUF_inst/O
                         net (fo=1, routed)           0.699     1.136    clock_IBUF
    BUFGCTRL_X0Y16       BUFG (Prop_bufg_I_O)         0.029     1.165 r  clock_IBUF_BUFG_inst/O
                         net (fo=22, routed)          0.872     2.038    myvgatimer/xy/clock_IBUF_BUFG
    SLICE_X87Y143        FDRE                                         r  myvgatimer/xy/y_reg[3]/C
                         clock pessimism             -0.501     1.536    
    SLICE_X87Y143        FDRE (Hold_fdre_C_D)         0.107     1.643    myvgatimer/xy/y_reg[3]
  -------------------------------------------------------------------
                         required time                         -1.643    
                         arrival time                           1.886    
  -------------------------------------------------------------------
                         slack                                  0.242    

Slack (MET) :             0.249ns  (arrival time - required time)
  Source:                 myvgatimer/xy/y_reg[6]/C
                            (rising edge-triggered cell FDRE clocked by sys_clk_pin  {rise@0.000ns fall@5.000ns period=10.000ns})
  Destination:            myvgatimer/xy/y_reg[6]/D
                            (rising edge-triggered cell FDRE clocked by sys_clk_pin  {rise@0.000ns fall@5.000ns period=10.000ns})
  Path Group:             sys_clk_pin
  Path Type:              Hold (Min at Fast Process Corner)
  Requirement:            0.000ns  (sys_clk_pin rise@0.000ns - sys_clk_pin rise@0.000ns)
  Data Path Delay:        0.370ns  (logic 0.209ns (56.430%)  route 0.161ns (43.570%))
  Logic Levels:           1  (LUT3=1)
  Clock Path Skew:        0.000ns (DCD - SCD - CPR)
    Destination Clock Delay (DCD):    2.038ns
    Source Clock Delay      (SCD):    1.520ns
    Clock Pessimism Removal (CPR):    0.517ns

    Location             Delay type                Incr(ns)  Path(ns)    Netlist Resource(s)
  -------------------------------------------------------------------    -------------------
                         (clock sys_clk_pin rise edge)
                                                      0.000     0.000 r  
    E3                                                0.000     0.000 r  clock (IN)
                         net (fo=0)                   0.000     0.000    clock
    E3                   IBUF (Prop_ibuf_I_O)         0.250     0.250 r  clock_IBUF_inst/O
                         net (fo=1, routed)           0.644     0.894    clock_IBUF
    BUFGCTRL_X0Y16       BUFG (Prop_bufg_I_O)         0.026     0.920 r  clock_IBUF_BUFG_inst/O
                         net (fo=22, routed)          0.601     1.520    myvgatimer/xy/clock_IBUF_BUFG
    SLICE_X88Y143        FDRE                                         r  myvgatimer/xy/y_reg[6]/C
  -------------------------------------------------------------------    -------------------
    SLICE_X88Y143        FDRE (Prop_fdre_C_Q)         0.164     1.684 r  myvgatimer/xy/y_reg[6]/Q
                         net (fo=7, routed)           0.161     1.846    myvgatimer/xy/y[6]
    SLICE_X88Y143        LUT3 (Prop_lut3_I2_O)        0.045     1.891 r  myvgatimer/xy/y[6]_i_1/O
                         net (fo=1, routed)           0.000     1.891    myvgatimer/xy/y[6]_i_1_n_0
    SLICE_X88Y143        FDRE                                         r  myvgatimer/xy/y_reg[6]/D
  -------------------------------------------------------------------    -------------------

                         (clock sys_clk_pin rise edge)
                                                      0.000     0.000 r  
    E3                                                0.000     0.000 r  clock (IN)
                         net (fo=0)                   0.000     0.000    clock
    E3                   IBUF (Prop_ibuf_I_O)         0.438     0.438 r  clock_IBUF_inst/O
                         net (fo=1, routed)           0.699     1.136    clock_IBUF
    BUFGCTRL_X0Y16       BUFG (Prop_bufg_I_O)         0.029     1.165 r  clock_IBUF_BUFG_inst/O
                         net (fo=22, routed)          0.872     2.038    myvgatimer/xy/clock_IBUF_BUFG
    SLICE_X88Y143        FDRE                                         r  myvgatimer/xy/y_reg[6]/C
                         clock pessimism             -0.517     1.520    
    SLICE_X88Y143        FDRE (Hold_fdre_C_D)         0.121     1.641    myvgatimer/xy/y_reg[6]
  -------------------------------------------------------------------
                         required time                         -1.641    
                         arrival time                           1.891    
  -------------------------------------------------------------------
                         slack                                  0.249    

Slack (MET) :             0.255ns  (arrival time - required time)
  Source:                 myvgatimer/xy/y_reg[1]/C
                            (rising edge-triggered cell FDRE clocked by sys_clk_pin  {rise@0.000ns fall@5.000ns period=10.000ns})
  Destination:            myvgatimer/xy/y_reg[2]/D
                            (rising edge-triggered cell FDRE clocked by sys_clk_pin  {rise@0.000ns fall@5.000ns period=10.000ns})
  Path Group:             sys_clk_pin
  Path Type:              Hold (Min at Fast Process Corner)
  Requirement:            0.000ns  (sys_clk_pin rise@0.000ns - sys_clk_pin rise@0.000ns)
  Data Path Delay:        0.363ns  (logic 0.186ns (51.200%)  route 0.177ns (48.800%))
  Logic Levels:           1  (LUT3=1)
  Clock Path Skew:        0.017ns (DCD - SCD - CPR)
    Destination Clock Delay (DCD):    2.038ns
    Source Clock Delay      (SCD):    1.519ns
    Clock Pessimism Removal (CPR):    0.501ns

    Location             Delay type                Incr(ns)  Path(ns)    Netlist Resource(s)
  -------------------------------------------------------------------    -------------------
                         (clock sys_clk_pin rise edge)
                                                      0.000     0.000 r  
    E3                                                0.000     0.000 r  clock (IN)
                         net (fo=0)                   0.000     0.000    clock
    E3                   IBUF (Prop_ibuf_I_O)         0.250     0.250 r  clock_IBUF_inst/O
                         net (fo=1, routed)           0.644     0.894    clock_IBUF
    BUFGCTRL_X0Y16       BUFG (Prop_bufg_I_O)         0.026     0.920 r  clock_IBUF_BUFG_inst/O
                         net (fo=22, routed)          0.600     1.519    myvgatimer/xy/clock_IBUF_BUFG
    SLICE_X87Y142        FDRE                                         r  myvgatimer/xy/y_reg[1]/C
  -------------------------------------------------------------------    -------------------
    SLICE_X87Y142        FDRE (Prop_fdre_C_Q)         0.141     1.660 r  myvgatimer/xy/y_reg[1]/Q
                         net (fo=8, routed)           0.177     1.838    myvgatimer/xy/y[1]
    SLICE_X87Y143        LUT3 (Prop_lut3_I0_O)        0.045     1.883 r  myvgatimer/xy/y[2]_i_1/O
                         net (fo=1, routed)           0.000     1.883    myvgatimer/xy/y[2]_i_1_n_0
    SLICE_X87Y143        FDRE                                         r  myvgatimer/xy/y_reg[2]/D
  -------------------------------------------------------------------    -------------------

                         (clock sys_clk_pin rise edge)
                                                      0.000     0.000 r  
    E3                                                0.000     0.000 r  clock (IN)
                         net (fo=0)                   0.000     0.000    clock
    E3                   IBUF (Prop_ibuf_I_O)         0.438     0.438 r  clock_IBUF_inst/O
                         net (fo=1, routed)           0.699     1.136    clock_IBUF
    BUFGCTRL_X0Y16       BUFG (Prop_bufg_I_O)         0.029     1.165 r  clock_IBUF_BUFG_inst/O
                         net (fo=22, routed)          0.872     2.038    myvgatimer/xy/clock_IBUF_BUFG
    SLICE_X87Y143        FDRE                                         r  myvgatimer/xy/y_reg[2]/C
                         clock pessimism             -0.501     1.536    
    SLICE_X87Y143        FDRE (Hold_fdre_C_D)         0.091     1.627    myvgatimer/xy/y_reg[2]
  -------------------------------------------------------------------
                         required time                         -1.627    
                         arrival time                           1.883    
  -------------------------------------------------------------------
                         slack                                  0.255    

Slack (MET) :             0.255ns  (arrival time - required time)
  Source:                 myvgatimer/clk_count_reg[0]/C
                            (rising edge-triggered cell FDRE clocked by sys_clk_pin  {rise@0.000ns fall@5.000ns period=10.000ns})
  Destination:            myvgatimer/clk_count_reg[1]/D
                            (rising edge-triggered cell FDRE clocked by sys_clk_pin  {rise@0.000ns fall@5.000ns period=10.000ns})
  Path Group:             sys_clk_pin
  Path Type:              Hold (Min at Fast Process Corner)
  Requirement:            0.000ns  (sys_clk_pin rise@0.000ns - sys_clk_pin rise@0.000ns)
  Data Path Delay:        0.362ns  (logic 0.183ns (50.505%)  route 0.179ns (49.495%))
  Logic Levels:           1  (LUT2=1)
  Clock Path Skew:        0.000ns (DCD - SCD - CPR)
    Destination Clock Delay (DCD):    2.037ns
    Source Clock Delay      (SCD):    1.519ns
    Clock Pessimism Removal (CPR):    0.517ns

    Location             Delay type                Incr(ns)  Path(ns)    Netlist Resource(s)
  -------------------------------------------------------------------    -------------------
                         (clock sys_clk_pin rise edge)
                                                      0.000     0.000 r  
    E3                                                0.000     0.000 r  clock (IN)
                         net (fo=0)                   0.000     0.000    clock
    E3                   IBUF (Prop_ibuf_I_O)         0.250     0.250 r  clock_IBUF_inst/O
                         net (fo=1, routed)           0.644     0.894    clock_IBUF
    BUFGCTRL_X0Y16       BUFG (Prop_bufg_I_O)         0.026     0.920 r  clock_IBUF_BUFG_inst/O
                         net (fo=22, routed)          0.600     1.519    myvgatimer/clock_IBUF_BUFG
    SLICE_X87Y141        FDRE                                         r  myvgatimer/clk_count_reg[0]/C
  -------------------------------------------------------------------    -------------------
    SLICE_X87Y141        FDRE (Prop_fdre_C_Q)         0.141     1.660 r  myvgatimer/clk_count_reg[0]/Q
                         net (fo=4, routed)           0.179     1.840    myvgatimer/clk_count[0]
    SLICE_X87Y141        LUT2 (Prop_lut2_I0_O)        0.042     1.882 r  myvgatimer/clk_count[1]_i_1/O
                         net (fo=1, routed)           0.000     1.882    myvgatimer/p_0_in[1]
    SLICE_X87Y141        FDRE                                         r  myvgatimer/clk_count_reg[1]/D
  -------------------------------------------------------------------    -------------------

                         (clock sys_clk_pin rise edge)
                                                      0.000     0.000 r  
    E3                                                0.000     0.000 r  clock (IN)
                         net (fo=0)                   0.000     0.000    clock
    E3                   IBUF (Prop_ibuf_I_O)         0.438     0.438 r  clock_IBUF_inst/O
                         net (fo=1, routed)           0.699     1.136    clock_IBUF
    BUFGCTRL_X0Y16       BUFG (Prop_bufg_I_O)         0.029     1.165 r  clock_IBUF_BUFG_inst/O
                         net (fo=22, routed)          0.871     2.037    myvgatimer/clock_IBUF_BUFG
    SLICE_X87Y141        FDRE                                         r  myvgatimer/clk_count_reg[1]/C
                         clock pessimism             -0.517     1.519    
    SLICE_X87Y141        FDRE (Hold_fdre_C_D)         0.107     1.626    myvgatimer/clk_count_reg[1]
  -------------------------------------------------------------------
                         required time                         -1.626    
                         arrival time                           1.882    
  -------------------------------------------------------------------
                         slack                                  0.255    

Slack (MET) :             0.268ns  (arrival time - required time)
  Source:                 myvgatimer/xy/x_reg[7]/C
                            (rising edge-triggered cell FDRE clocked by sys_clk_pin  {rise@0.000ns fall@5.000ns period=10.000ns})
  Destination:            myvgatimer/xy/x_reg[9]/D
                            (rising edge-triggered cell FDRE clocked by sys_clk_pin  {rise@0.000ns fall@5.000ns period=10.000ns})
  Path Group:             sys_clk_pin
  Path Type:              Hold (Min at Fast Process Corner)
  Requirement:            0.000ns  (sys_clk_pin rise@0.000ns - sys_clk_pin rise@0.000ns)
  Data Path Delay:        0.360ns  (logic 0.186ns (51.693%)  route 0.174ns (48.307%))
  Logic Levels:           1  (LUT6=1)
  Clock Path Skew:        0.000ns (DCD - SCD - CPR)
    Destination Clock Delay (DCD):    2.037ns
    Source Clock Delay      (SCD):    1.519ns
    Clock Pessimism Removal (CPR):    0.517ns

    Location             Delay type                Incr(ns)  Path(ns)    Netlist Resource(s)
  -------------------------------------------------------------------    -------------------
                         (clock sys_clk_pin rise edge)
                                                      0.000     0.000 r  
    E3                                                0.000     0.000 r  clock (IN)
                         net (fo=0)                   0.000     0.000    clock
    E3                   IBUF (Prop_ibuf_I_O)         0.250     0.250 r  clock_IBUF_inst/O
                         net (fo=1, routed)           0.644     0.894    clock_IBUF
    BUFGCTRL_X0Y16       BUFG (Prop_bufg_I_O)         0.026     0.920 r  clock_IBUF_BUFG_inst/O
                         net (fo=22, routed)          0.600     1.519    myvgatimer/xy/clock_IBUF_BUFG
    SLICE_X86Y141        FDRE                                         r  myvgatimer/xy/x_reg[7]/C
  -------------------------------------------------------------------    -------------------
    SLICE_X86Y141        FDRE (Prop_fdre_C_Q)         0.141     1.660 r  myvgatimer/xy/x_reg[7]/Q
                         net (fo=14, routed)          0.174     1.834    myvgatimer/xy/x[7]
    SLICE_X86Y141        LUT6 (Prop_lut6_I2_O)        0.045     1.879 r  myvgatimer/xy/x[9]_i_3/O
                         net (fo=1, routed)           0.000     1.879    myvgatimer/xy/data0[9]
    SLICE_X86Y141        FDRE                                         r  myvgatimer/xy/x_reg[9]/D
  -------------------------------------------------------------------    -------------------

                         (clock sys_clk_pin rise edge)
                                                      0.000     0.000 r  
    E3                                                0.000     0.000 r  clock (IN)
                         net (fo=0)                   0.000     0.000    clock
    E3                   IBUF (Prop_ibuf_I_O)         0.438     0.438 r  clock_IBUF_inst/O
                         net (fo=1, routed)           0.699     1.136    clock_IBUF
    BUFGCTRL_X0Y16       BUFG (Prop_bufg_I_O)         0.029     1.165 r  clock_IBUF_BUFG_inst/O
                         net (fo=22, routed)          0.871     2.037    myvgatimer/xy/clock_IBUF_BUFG
    SLICE_X86Y141        FDRE                                         r  myvgatimer/xy/x_reg[9]/C
                         clock pessimism             -0.517     1.519    
    SLICE_X86Y141        FDRE (Hold_fdre_C_D)         0.092     1.611    myvgatimer/xy/x_reg[9]
  -------------------------------------------------------------------
                         required time                         -1.611    
                         arrival time                           1.879    
  -------------------------------------------------------------------
                         slack                                  0.268    





Pulse Width Checks
--------------------------------------------------------------------------------------
Clock Name:         sys_clk_pin
Waveform(ns):       { 0.000 5.000 }
Period(ns):         10.000
Sources:            { clock }

Check Type        Corner  Lib Pin  Reference Pin  Required(ns)  Actual(ns)  Slack(ns)  Location        Pin
Min Period        n/a     BUFG/I   n/a            2.155         10.000      7.845      BUFGCTRL_X0Y16  clock_IBUF_BUFG_inst/I
Min Period        n/a     FDRE/C   n/a            1.000         10.000      9.000      SLICE_X87Y141   myvgatimer/clk_count_reg[0]/C
Min Period        n/a     FDRE/C   n/a            1.000         10.000      9.000      SLICE_X87Y141   myvgatimer/clk_count_reg[1]/C
Min Period        n/a     FDRE/C   n/a            1.000         10.000      9.000      SLICE_X87Y141   myvgatimer/xy/x_reg[0]/C
Min Period        n/a     FDRE/C   n/a            1.000         10.000      9.000      SLICE_X88Y141   myvgatimer/xy/x_reg[1]/C
Min Period        n/a     FDRE/C   n/a            1.000         10.000      9.000      SLICE_X88Y141   myvgatimer/xy/x_reg[2]/C
Min Period        n/a     FDRE/C   n/a            1.000         10.000      9.000      SLICE_X88Y141   myvgatimer/xy/x_reg[3]/C
Min Period        n/a     FDRE/C   n/a            1.000         10.000      9.000      SLICE_X89Y141   myvgatimer/xy/x_reg[4]/C
Min Period        n/a     FDRE/C   n/a            1.000         10.000      9.000      SLICE_X88Y141   myvgatimer/xy/x_reg[5]/C
Min Period        n/a     FDRE/C   n/a            1.000         10.000      9.000      SLICE_X86Y141   myvgatimer/xy/x_reg[6]/C
Low Pulse Width   Fast    FDRE/C   n/a            0.500         5.000       4.500      SLICE_X87Y141   myvgatimer/clk_count_reg[0]/C
Low Pulse Width   Fast    FDRE/C   n/a            0.500         5.000       4.500      SLICE_X87Y141   myvgatimer/clk_count_reg[1]/C
Low Pulse Width   Fast    FDRE/C   n/a            0.500         5.000       4.500      SLICE_X87Y141   myvgatimer/xy/x_reg[0]/C
Low Pulse Width   Fast    FDRE/C   n/a            0.500         5.000       4.500      SLICE_X88Y141   myvgatimer/xy/x_reg[1]/C
Low Pulse Width   Fast    FDRE/C   n/a            0.500         5.000       4.500      SLICE_X88Y141   myvgatimer/xy/x_reg[2]/C
Low Pulse Width   Fast    FDRE/C   n/a            0.500         5.000       4.500      SLICE_X88Y141   myvgatimer/xy/x_reg[3]/C
Low Pulse Width   Fast    FDRE/C   n/a            0.500         5.000       4.500      SLICE_X89Y141   myvgatimer/xy/x_reg[4]/C
Low Pulse Width   Fast    FDRE/C   n/a            0.500         5.000       4.500      SLICE_X88Y141   myvgatimer/xy/x_reg[5]/C
Low Pulse Width   Fast    FDRE/C   n/a            0.500         5.000       4.500      SLICE_X86Y141   myvgatimer/xy/x_reg[6]/C
Low Pulse Width   Fast    FDRE/C   n/a            0.500         5.000       4.500      SLICE_X86Y141   myvgatimer/xy/x_reg[7]/C
High Pulse Width  Slow    FDRE/C   n/a            0.500         5.000       4.500      SLICE_X87Y141   myvgatimer/clk_count_reg[0]/C
High Pulse Width  Slow    FDRE/C   n/a            0.500         5.000       4.500      SLICE_X87Y141   myvgatimer/clk_count_reg[1]/C
High Pulse Width  Slow    FDRE/C   n/a            0.500         5.000       4.500      SLICE_X87Y141   myvgatimer/xy/x_reg[0]/C
High Pulse Width  Slow    FDRE/C   n/a            0.500         5.000       4.500      SLICE_X88Y141   myvgatimer/xy/x_reg[1]/C
High Pulse Width  Slow    FDRE/C   n/a            0.500         5.000       4.500      SLICE_X88Y141   myvgatimer/xy/x_reg[2]/C
High Pulse Width  Slow    FDRE/C   n/a            0.500         5.000       4.500      SLICE_X88Y141   myvgatimer/xy/x_reg[3]/C
High Pulse Width  Slow    FDRE/C   n/a            0.500         5.000       4.500      SLICE_X89Y141   myvgatimer/xy/x_reg[4]/C
High Pulse Width  Slow    FDRE/C   n/a            0.500         5.000       4.500      SLICE_X88Y141   myvgatimer/xy/x_reg[5]/C
High Pulse Width  Slow    FDRE/C   n/a            0.500         5.000       4.500      SLICE_X86Y141   myvgatimer/xy/x_reg[6]/C
High Pulse Width  Slow    FDRE/C   n/a            0.500         5.000       4.500      SLICE_X86Y141   myvgatimer/xy/x_reg[7]/C



