Copyright 1986-2016 Xilinx, Inc. All Rights Reserved.
-----------------------------------------------------------------------------------------------------------------------------------------
| Tool Version : Vivado v.2016.4 (lin64) Build 1733598 Wed Dec 14 22:35:42 MST 2016
| Date         : Wed Feb  8 23:37:28 2017
| Host         : siqingxu-VirtualBox running 64-bit Ubuntu 16.04.1 LTS
| Command      : report_methodology -file hexcounterdisplay_methodology_drc_routed.rpt -rpx hexcounterdisplay_methodology_drc_routed.rpx
| Design       : hexcounterdisplay
| Device       : xc7a100tcsg324-1
| Speed File   : -1
| Design State : Routed
-----------------------------------------------------------------------------------------------------------------------------------------

Report Methodology

Table of Contents
-----------------
1. REPORT SUMMARY
2. REPORT DETAILS

1. REPORT SUMMARY
-----------------
            Netlist: netlist
          Floorplan: design_1
      Design limits: <entire design considered>
             Max violations: <unlimited>
             Violations found: 8
+-----------+----------+-------------------------------+------------+
| Rule      | Severity | Description                   | Violations |
+-----------+----------+-------------------------------+------------+
| TIMING-18 | Warning  | Missing input or output delay | 8          |
+-----------+----------+-------------------------------+------------+

2. REPORT DETAILS
-----------------
TIMING-18#1 Warning
Missing input or output delay  
An output delay is missing on segments[0] relative to clock(s) sys_clk_pin 
Related violations: <none>

TIMING-18#2 Warning
Missing input or output delay  
An output delay is missing on segments[1] relative to clock(s) sys_clk_pin 
Related violations: <none>

TIMING-18#3 Warning
Missing input or output delay  
An output delay is missing on segments[2] relative to clock(s) sys_clk_pin 
Related violations: <none>

TIMING-18#4 Warning
Missing input or output delay  
An output delay is missing on segments[3] relative to clock(s) sys_clk_pin 
Related violations: <none>

TIMING-18#5 Warning
Missing input or output delay  
An output delay is missing on segments[4] relative to clock(s) sys_clk_pin 
Related violations: <none>

TIMING-18#6 Warning
Missing input or output delay  
An output delay is missing on segments[5] relative to clock(s) sys_clk_pin 
Related violations: <none>

TIMING-18#7 Warning
Missing input or output delay  
An output delay is missing on segments[6] relative to clock(s) sys_clk_pin 
Related violations: <none>

TIMING-18#8 Warning
Missing input or output delay  
An output delay is missing on segments[7] relative to clock(s) sys_clk_pin 
Related violations: <none>


