Vivado Simulator 2016.4
Time resolution is 1 ps
#00 {pcsel, wasel, sext, bsel, wdsel, alufn, wr, werf, asel} <= {17'bxxxxxxxxxxxxx00xx};
#01 {pcsel, wasel, sext, bsel, wdsel, alufn, wr, werf, asel} <= {17'b000111100xx010100};
#02 {pcsel, wasel, sext, bsel, wdsel, alufn, wr, werf, asel} <= {17'b000111100xx011000};
#03 {pcsel, wasel, sext, bsel, wdsel, alufn, wr, werf, asel} <= {17'b000111010xx010100};
#05 {pcsel, wasel, sext, bsel, wdsel, alufn, wr, werf, asel} <= {17'b000111011x0110100};
#06 {pcsel, wasel, sext, bsel, wdsel, alufn, wr, werf, asel} <= {17'b000111011x1110100};
#07 {pcsel, wasel, sext, bsel, wdsel, alufn, wr, werf, asel} <= {17'b00010101x01000100};
#08 {pcsel, wasel, sext, bsel, wdsel, alufn, wr, werf, asel} <= {17'b0001x101x00100110};
#09 {pcsel, wasel, sext, bsel, wdsel, alufn, wr, werf, asel} <= {17'b00xx10xx1xx010000};
#10 {pcsel, wasel, sext, bsel, wdsel, alufn, wr, werf, asel} <= {17'b01xx10xx1xx010000};
#12 {pcsel, wasel, sext, bsel, wdsel, alufn, wr, werf, asel} <= {17'b00xx10xx1xx010000};
#13 {pcsel, wasel, sext, bsel, wdsel, alufn, wr, werf, asel} <= {17'b10xxxxxxxxxxx00xx};
#14 {pcsel, wasel, sext, bsel, wdsel, alufn, wr, werf, asel} <= {17'b1010xx00xxxxx01xx};
#15 {pcsel, wasel, sext, bsel, wdsel, alufn, wr, werf, asel} <= {17'b0000x0010xx010100};
#16 {pcsel, wasel, sext, bsel, wdsel, alufn, wr, werf, asel} <= {17'b0000x0011xx010100};
#17 {pcsel, wasel, sext, bsel, wdsel, alufn, wr, werf, asel} <= {17'b0000x001x00000100};
#18 {pcsel, wasel, sext, bsel, wdsel, alufn, wr, werf, asel} <= {17'b0000x001x01000100};
#19 {pcsel, wasel, sext, bsel, wdsel, alufn, wr, werf, asel} <= {17'b0000x001x10000100};
#20 {pcsel, wasel, sext, bsel, wdsel, alufn, wr, werf, asel} <= {17'b0000x001x11000100};
#21 {pcsel, wasel, sext, bsel, wdsel, alufn, wr, werf, asel} <= {17'b0000x0011x0110100};
#22 {pcsel, wasel, sext, bsel, wdsel, alufn, wr, werf, asel} <= {17'b0000x0011x1110100};
#23 {pcsel, wasel, sext, bsel, wdsel, alufn, wr, werf, asel} <= {17'b0000x001x00100101};
#24 {pcsel, wasel, sext, bsel, wdsel, alufn, wr, werf, asel} <= {17'b0000x001x00100100};
#25 {pcsel, wasel, sext, bsel, wdsel, alufn, wr, werf, asel} <= {17'b0000x001x10100101};
#26 {pcsel, wasel, sext, bsel, wdsel, alufn, wr, werf, asel} <= {17'b0000x001x11100101};
#27 {pcsel, wasel, sext, bsel, wdsel, alufn, wr, werf, asel} <= {17'b11xxxxxxxxxxx00xx};
$finish called at time : 28 ns : File "/home/siqingxu/Desktop/Comp541/Comp541/Lab8/Lab8.srcs/sim_2/new/controller_test.sv" Line 103
